<?xml version="1.0" encoding="UTF-8"?>
<!-- Generated by org.testng.reporters.JUnitXMLReporter -->
<testsuite ignored="1" hostname="IN23GELML05578F" failures="0" tests="2" name="info" time="0.067" errors="0" timestamp="2024-06-03T22:33:54 IST">
  <testcase classname="part1.basics3" name="clg" time="0.007"/>
  <testcase classname="part1.basics3" name="school" time="0.001"/>
  <testcase classname="part1.basics3" name="work" time="0.0">
    <ignored/>
  </testcase> <!-- work -->
</testsuite> <!-- info -->
