<?xml version="1.0" encoding="UTF-8"?>
<!-- Generated by org.testng.reporters.JUnitXMLReporter -->
<testsuite ignored="0" hostname="IN23GELML05578F" failures="0" tests="5" name="Test" time="0.096" errors="0" timestamp="2024-06-03T22:33:54 IST">
  <testcase classname="part1.basics" name="demo" time="0.012"/>
  <testcase classname="part1.basics" name="name" time="0.002"/>
  <testcase classname="part1.basic2" name="test1" time="0.002"/>
  <testcase classname="part1.basic2" name="test2" time="0.003"/>
  <testcase classname="part1.basics" name="age" time="0.002"/>
</testsuite> <!-- Test -->
